{"name": "test_camera_1delete", "status": "broken", "statusDetails": {"message": "selenium.common.exceptions.TimeoutException: Message:", "trace": "self = <src.test_SXTSZ.TestSXTSZ testMethod=test_camera_1delete>\n\n    @allure.step(title=\"摄像头设置下的删除功能\")\n    @pytest.mark.run(order=1)\n    def test_camera_1delete(self):\n>       self.sx.camera_delete()\n\nsrc\\test_SXTSZ.py:26: \n_ _ _ _ _ _ _ _ _ _ _ _ _ _ _ _ _ _ _ _ _ _ _ _ _ _ _ _ _ _ _ _ _ _ _ _ _ _ _ _ _ _ _ _ _ _ _ _ _ _ _ _ _ _ _ _ _ _ _ _ _ _ _ _ _ _ _ _ _ _ _ _ _ _ _ _ _ _ _ _ _ _ _ _ _ _ _ _ _ _ _ _ _ _ _ _ _ _ _ _ _ _ _ _ _ _ _ _ _ _ _ _ _ _ _ \noperations\\operations_camera\\camera.py:53: in camera_delete\n    self.operations_sxtsz_delete_click()\noperations\\operations_camera\\camera.py:19: in operations_sxtsz_delete_click\n    self.eles_click(operations.camera_close)\neles\\eles.py:22: in eles_click\n    self.eles_find_element(loc).click()\neles\\eles.py:17: in eles_find_element\n    return WebDriverWait(self.driver, timeout = timeout, poll_frequency = poll_frequency).until(lambda x:x.find_element(*loc))\n_ _ _ _ _ _ _ _ _ _ _ _ _ _ _ _ _ _ _ _ _ _ _ _ _ _ _ _ _ _ _ _ _ _ _ _ _ _ _ _ _ _ _ _ _ _ _ _ _ _ _ _ _ _ _ _ _ _ _ _ _ _ _ _ _ _ _ _ _ _ _ _ _ _ _ _ _ _ _ _ _ _ _ _ _ _ _ _ _ _ _ _ _ _ _ _ _ _ _ _ _ _ _ _ _ _ _ _ _ _ _ _ _ _ _ \n\nself = <selenium.webdriver.support.wait.WebDriverWait (session=\"d718e1a0f9317318c95da6edbaca596f\")>, method = <function Eles.eles_find_element.<locals>.<lambda> at 0x000001DA72E25E50>, message = ''\n\n    def until(self, method, message=''):\n        \"\"\"Calls the method provided with the driver as an argument until the \\\n        return value is not False.\"\"\"\n        screen = None\n        stacktrace = None\n    \n        end_time = time.time() + self._timeout\n        while True:\n            try:\n                value = method(self._driver)\n                if value:\n                    return value\n            except self._ignored_exceptions as exc:\n                screen = getattr(exc, 'screen', None)\n                stacktrace = getattr(exc, 'stacktrace', None)\n            time.sleep(self._poll)\n            if time.time() > end_time:\n                break\n>       raise TimeoutException(message, screen, stacktrace)\nE       selenium.common.exceptions.TimeoutException: Message:\n\nc:\\python38\\lib\\site-packages\\selenium\\webdriver\\support\\wait.py:80: TimeoutException"}, "steps": [{"name": "摄像头设置下的删除功能", "status": "broken", "statusDetails": {"message": "selenium.common.exceptions.TimeoutException: Message: \n\n", "trace": "  File \"C:\\Users\\admin\\AppData\\Roaming\\Python\\Python38\\site-packages\\allure_commons\\_allure.py\", line 157, in impl\n    return func(*a, **kw)\n  File \"C:\\Users\\admin\\PycharmProjects\\JKDDSystem\\src\\test_SXTSZ.py\", line 26, in test_camera_1delete\n    self.sx.camera_delete()\n  File \"C:\\Users\\admin\\PycharmProjects\\JKDDSystem\\operations\\operations_camera\\camera.py\", line 53, in camera_delete\n    self.operations_sxtsz_delete_click()\n  File \"C:\\Users\\admin\\PycharmProjects\\JKDDSystem\\operations\\operations_camera\\camera.py\", line 19, in operations_sxtsz_delete_click\n    self.eles_click(operations.camera_close)\n  File \"C:\\Users\\admin\\PycharmProjects\\JKDDSystem\\eles\\eles.py\", line 22, in eles_click\n    self.eles_find_element(loc).click()\n  File \"C:\\Users\\admin\\PycharmProjects\\JKDDSystem\\eles\\eles.py\", line 17, in eles_find_element\n    return WebDriverWait(self.driver, timeout = timeout, poll_frequency = poll_frequency).until(lambda x:x.find_element(*loc))\n  File \"c:\\python38\\lib\\site-packages\\selenium\\webdriver\\support\\wait.py\", line 80, in until\n    raise TimeoutException(message, screen, stacktrace)\n"}, "start": 1594365629458, "stop": 1594365641283}], "start": 1594365629458, "stop": 1594365641321, "uuid": "81057e66-f8fa-4553-8c7a-ac0ed659ffc5", "historyId": "8b7ef582fe7be7e5a378589737ba7440", "testCaseId": "0e02b810cf0f55974e2b5437f56bdfec", "fullName": "src.test_SXTSZ.TestSXTSZ#test_camera_1delete", "labels": [{"name": "tag", "value": "run(order=1)"}, {"name": "parentSuite", "value": "src"}, {"name": "suite", "value": "test_SXTSZ"}, {"name": "subSuite", "value": "TestSXTSZ"}, {"name": "host", "value": "DESKTOP-8QNSGQT"}, {"name": "thread", "value": "13640-MainThread"}, {"name": "framework", "value": "pytest"}, {"name": "language", "value": "cpython3"}, {"name": "package", "value": "src.test_SXTSZ"}]}