{"name": "test_camera_1delete", "status": "broken", "statusDetails": {"message": "selenium.common.exceptions.TimeoutException: Message:", "trace": "self = <scripts.test_SXTSZ.TestSXTSZ testMethod=test_camera_1delete>\n\n    @allure.step(title=\"摄像头设置下的删除功能\")\n    @pytest.mark.run(order=1)\n    def test_camera_1delete(self):\n>       self.sx.camera_delete()\n\nscripts\\test_SXTSZ.py:26: \n_ _ _ _ _ _ _ _ _ _ _ _ _ _ _ _ _ _ _ _ _ _ _ _ _ _ _ _ _ _ _ _ _ _ _ _ _ _ _ _ _ _ _ _ _ _ _ _ _ _ _ _ _ _ _ _ _ _ _ _ _ _ _ _ _ _ _ _ _ _ _ _ _ _ _ _ _ _ _ _ _ _ _ _ _ _ _ _ _ _ _ _ _ _ _ _ _ _ _ _ _ _ _ _ _ _ _ _ _ _ _ _ _ _ _ _ _ _ _ _ _ _ _ _ _ _ _ _ _ _ _ _ _ _ _ _ _ _ _ _ _ _ _ _ _ _ _ _ _ _ _ _ _ _\noperations\\operations_camera\\camera.py:53: in camera_delete\n    self.operations_sxtsz_delete_click()\noperations\\operations_camera\\camera.py:19: in operations_sxtsz_delete_click\n    self.eles_click(operations.camera_close)\neles\\eles.py:22: in eles_click\n    self.eles_find_element(loc).click()\neles\\eles.py:17: in eles_find_element\n    return WebDriverWait(self.driver, timeout = timeout, poll_frequency = poll_frequency).until(lambda x:x.find_element(*loc))\n_ _ _ _ _ _ _ _ _ _ _ _ _ _ _ _ _ _ _ _ _ _ _ _ _ _ _ _ _ _ _ _ _ _ _ _ _ _ _ _ _ _ _ _ _ _ _ _ _ _ _ _ _ _ _ _ _ _ _ _ _ _ _ _ _ _ _ _ _ _ _ _ _ _ _ _ _ _ _ _ _ _ _ _ _ _ _ _ _ _ _ _ _ _ _ _ _ _ _ _ _ _ _ _ _ _ _ _ _ _ _ _ _ _ _ _ _ _ _ _ _ _ _ _ _ _ _ _ _ _ _ _ _ _ _ _ _ _ _ _ _ _ _ _ _ _ _ _ _ _ _ _ _ _\n\nself = <selenium.webdriver.support.wait.WebDriverWait (session=\"406909272b0fcd11cbe40b301b4616f7\")>, method = <function Eles.eles_find_element.<locals>.<lambda> at 0x000002BB0423DEE0>, message = ''\n\n    def until(self, method, message=''):\n        \"\"\"Calls the method provided with the driver as an argument until the \\\n        return value is not False.\"\"\"\n        screen = None\n        stacktrace = None\n    \n        end_time = time.time() + self._timeout\n        while True:\n            try:\n                value = method(self._driver)\n                if value:\n                    return value\n            except self._ignored_exceptions as exc:\n                screen = getattr(exc, 'screen', None)\n                stacktrace = getattr(exc, 'stacktrace', None)\n            time.sleep(self._poll)\n            if time.time() > end_time:\n                break\n>       raise TimeoutException(message, screen, stacktrace)\nE       selenium.common.exceptions.TimeoutException: Message:\n\nc:\\python38\\lib\\site-packages\\selenium\\webdriver\\support\\wait.py:80: TimeoutException"}, "steps": [{"name": "摄像头设置下的删除功能", "status": "broken", "statusDetails": {"message": "selenium.common.exceptions.TimeoutException: Message: \n\n", "trace": "  File \"C:\\Users\\admin\\AppData\\Roaming\\Python\\Python38\\site-packages\\allure_commons\\_allure.py\", line 157, in impl\n    return func(*a, **kw)\n  File \"E:\\LocalYHYH\\scripts\\test_SXTSZ.py\", line 26, in test_camera_1delete\n    self.sx.camera_delete()\n  File \"E:\\LocalYHYH\\operations\\operations_camera\\camera.py\", line 53, in camera_delete\n    self.operations_sxtsz_delete_click()\n  File \"E:\\LocalYHYH\\operations\\operations_camera\\camera.py\", line 19, in operations_sxtsz_delete_click\n    self.eles_click(operations.camera_close)\n  File \"E:\\LocalYHYH\\eles\\eles.py\", line 22, in eles_click\n    self.eles_find_element(loc).click()\n  File \"E:\\LocalYHYH\\eles\\eles.py\", line 17, in eles_find_element\n    return WebDriverWait(self.driver, timeout = timeout, poll_frequency = poll_frequency).until(lambda x:x.find_element(*loc))\n  File \"c:\\python38\\lib\\site-packages\\selenium\\webdriver\\support\\wait.py\", line 80, in until\n    raise TimeoutException(message, screen, stacktrace)\n"}, "start": 1594602581130, "stop": 1594602593236}], "start": 1594602581130, "stop": 1594602593236, "uuid": "f717c6a1-4954-4d97-b2da-6a07b382bb56", "historyId": "f1ab8da0cc8abe1b154f3c7cdf2dfe86", "testCaseId": "1350f700f0299588573b27c45041d6f8", "fullName": "scripts.test_SXTSZ.TestSXTSZ#test_camera_1delete", "labels": [{"name": "tag", "value": "run(order=1)"}, {"name": "parentSuite", "value": "scripts"}, {"name": "suite", "value": "test_SXTSZ"}, {"name": "subSuite", "value": "TestSXTSZ"}, {"name": "host", "value": "DESKTOP-8QNSGQT"}, {"name": "thread", "value": "11440-MainThread"}, {"name": "framework", "value": "pytest"}, {"name": "language", "value": "cpython3"}, {"name": "package", "value": "scripts.test_SXTSZ"}]}