{"name": "test_xtsz_other_update", "status": "broken", "statusDetails": {"message": "selenium.common.exceptions.TimeoutException: Message:", "trace": "self = <scripts.test_XTSZ.TestXTSZ testMethod=test_xtsz_other_update>\n\n    @allure.step(title=\"系统设置模块下的其他tab参数修改保存功能\")\n    @pytest.mark.run(order=2)\n    def test_xtsz_other_update(self):\n>       self.xt.system_setting_other()\n\nscripts\\test_XTSZ.py:33: \n_ _ _ _ _ _ _ _ _ _ _ _ _ _ _ _ _ _ _ _ _ _ _ _ _ _ _ _ _ _ _ _ _ _ _ _ _ _ _ _ _ _ _ _ _ _ _ _ _ _ _ _ _ _ _ _ _ _ _ _ _ _ _ _ _ _ _ _ _ _ _ _ _ _ _ _ _ _ _ _ _ _ _ _ _ _ _ _ _ _ _ _ _ _ _ _ _ _ _ _ _ _ _ _ _ _ _ _ _ _ _ _ _ _ _ _ _ _ _ _ _ _ _ _ _ _ _ _ _ _ _ _ _ _ _ _ _ _ _ _ _ _ _ _ _ _ _ _ _ _ _ _ _ _\noperations\\operations_xtsz\\xtsz.py:138: in system_setting_other\n    self.system_other_click()\noperations\\operations_xtsz\\xtsz.py:60: in system_other_click\n    self.eles_click(operations.system_other_tab)\neles\\eles.py:22: in eles_click\n    self.eles_find_element(loc).click()\neles\\eles.py:17: in eles_find_element\n    return WebDriverWait(self.driver, timeout = timeout, poll_frequency = poll_frequency).until(lambda x:x.find_element(*loc))\n_ _ _ _ _ _ _ _ _ _ _ _ _ _ _ _ _ _ _ _ _ _ _ _ _ _ _ _ _ _ _ _ _ _ _ _ _ _ _ _ _ _ _ _ _ _ _ _ _ _ _ _ _ _ _ _ _ _ _ _ _ _ _ _ _ _ _ _ _ _ _ _ _ _ _ _ _ _ _ _ _ _ _ _ _ _ _ _ _ _ _ _ _ _ _ _ _ _ _ _ _ _ _ _ _ _ _ _ _ _ _ _ _ _ _ _ _ _ _ _ _ _ _ _ _ _ _ _ _ _ _ _ _ _ _ _ _ _ _ _ _ _ _ _ _ _ _ _ _ _ _ _ _ _\n\nself = <selenium.webdriver.support.wait.WebDriverWait (session=\"154e8643c52aed2d29159abb4f3987a0\")>, method = <function Eles.eles_find_element.<locals>.<lambda> at 0x000002BB0423DC10>, message = ''\n\n    def until(self, method, message=''):\n        \"\"\"Calls the method provided with the driver as an argument until the \\\n        return value is not False.\"\"\"\n        screen = None\n        stacktrace = None\n    \n        end_time = time.time() + self._timeout\n        while True:\n            try:\n                value = method(self._driver)\n                if value:\n                    return value\n            except self._ignored_exceptions as exc:\n                screen = getattr(exc, 'screen', None)\n                stacktrace = getattr(exc, 'stacktrace', None)\n            time.sleep(self._poll)\n            if time.time() > end_time:\n                break\n>       raise TimeoutException(message, screen, stacktrace)\nE       selenium.common.exceptions.TimeoutException: Message:\n\nc:\\python38\\lib\\site-packages\\selenium\\webdriver\\support\\wait.py:80: TimeoutException"}, "steps": [{"name": "系统设置模块下的其他tab参数修改保存功能", "status": "broken", "statusDetails": {"message": "selenium.common.exceptions.TimeoutException: Message: \n\n", "trace": "  File \"C:\\Users\\admin\\AppData\\Roaming\\Python\\Python38\\site-packages\\allure_commons\\_allure.py\", line 157, in impl\n    return func(*a, **kw)\n  File \"E:\\LocalYHYH\\scripts\\test_XTSZ.py\", line 33, in test_xtsz_other_update\n    self.xt.system_setting_other()\n  File \"E:\\LocalYHYH\\operations\\operations_xtsz\\xtsz.py\", line 138, in system_setting_other\n    self.system_other_click()\n  File \"E:\\LocalYHYH\\operations\\operations_xtsz\\xtsz.py\", line 60, in system_other_click\n    self.eles_click(operations.system_other_tab)\n  File \"E:\\LocalYHYH\\eles\\eles.py\", line 22, in eles_click\n    self.eles_find_element(loc).click()\n  File \"E:\\LocalYHYH\\eles\\eles.py\", line 17, in eles_find_element\n    return WebDriverWait(self.driver, timeout = timeout, poll_frequency = poll_frequency).until(lambda x:x.find_element(*loc))\n  File \"c:\\python38\\lib\\site-packages\\selenium\\webdriver\\support\\wait.py\", line 80, in until\n    raise TimeoutException(message, screen, stacktrace)\n"}, "start": 1594602621730, "stop": 1594602633713}], "start": 1594602621729, "stop": 1594602633716, "uuid": "bb213333-14d7-4967-aa71-e9370e635ca9", "historyId": "2182d99a465d62baf41944df03ec6cce", "testCaseId": "757619576048bdcc08e55e46511d4c2b", "fullName": "scripts.test_XTSZ.TestXTSZ#test_xtsz_other_update", "labels": [{"name": "tag", "value": "run(order=2)"}, {"name": "parentSuite", "value": "scripts"}, {"name": "suite", "value": "test_XTSZ"}, {"name": "subSuite", "value": "TestXTSZ"}, {"name": "host", "value": "DESKTOP-8QNSGQT"}, {"name": "thread", "value": "11440-MainThread"}, {"name": "framework", "value": "pytest"}, {"name": "language", "value": "cpython3"}, {"name": "package", "value": "scripts.test_XTSZ"}]}