{
  "uid" : "4107da4d36c02a11",
  "name" : "test_camera_1delete",
  "fullName" : "src.test_SXTSZ.TestSXTSZ#test_camera_1delete",
  "historyId" : "8b7ef582fe7be7e5a378589737ba7440",
  "time" : {
    "start" : 1594274319232,
    "stop" : 1594274331389,
    "duration" : 12157
  },
  "status" : "broken",
  "statusMessage" : "selenium.common.exceptions.TimeoutException: Message:",
  "statusTrace" : "self = <src.test_SXTSZ.TestSXTSZ testMethod=test_camera_1delete>\n\n    @allure.step(title=\"摄像头设置下的删除功能\")\n    @pytest.mark.run(order=1)\n    def test_camera_1delete(self):\n>       self.sx.camera_delete()\n\nsrc\\test_SXTSZ.py:26: \n_ _ _ _ _ _ _ _ _ _ _ _ _ _ _ _ _ _ _ _ _ _ _ _ _ _ _ _ _ _ _ _ _ _ _ _ _ _ _ _ _ _ _ _ _ _ _ _ _ _ _ _ _ _ _ _ _ _ _ _ _ _ _ _ _ _ _ _ _ _ _ _ _ _ _ _ _ _ _ _ _ _ _ _ _ _ _ _ _ _ _ _ _ _ _ _ _ _ _ _ _ _ _ _ _ _ _ _ _ _ _ _ _ _ _ _ _ _ _ _ _ _ _ _ _ _ _ _ _ _ _ _ _ _ _ _ _ _ _ _ _ _ _ _ _ _ _ _ _ _ _ _ _ _\noperations\\operations_camera\\camera.py:53: in camera_delete\n    self.operations_sxtsz_delete_click()\noperations\\operations_camera\\camera.py:19: in operations_sxtsz_delete_click\n    self.eles_click(operations.camera_close)\neles\\eles.py:22: in eles_click\n    self.eles_find_element(loc).click()\neles\\eles.py:17: in eles_find_element\n    return WebDriverWait(self.driver, timeout = timeout, poll_frequency = poll_frequency).until(lambda x:x.find_element(*loc))\n_ _ _ _ _ _ _ _ _ _ _ _ _ _ _ _ _ _ _ _ _ _ _ _ _ _ _ _ _ _ _ _ _ _ _ _ _ _ _ _ _ _ _ _ _ _ _ _ _ _ _ _ _ _ _ _ _ _ _ _ _ _ _ _ _ _ _ _ _ _ _ _ _ _ _ _ _ _ _ _ _ _ _ _ _ _ _ _ _ _ _ _ _ _ _ _ _ _ _ _ _ _ _ _ _ _ _ _ _ _ _ _ _ _ _ _ _ _ _ _ _ _ _ _ _ _ _ _ _ _ _ _ _ _ _ _ _ _ _ _ _ _ _ _ _ _ _ _ _ _ _ _ _ _\n\nself = <selenium.webdriver.support.wait.WebDriverWait (session=\"1b064c15688e285a6287a63e3aa4f32b\")>, method = <function Eles.eles_find_element.<locals>.<lambda> at 0x000001760E14E700>, message = ''\n\n    def until(self, method, message=''):\n        \"\"\"Calls the method provided with the driver as an argument until the \\\n        return value is not False.\"\"\"\n        screen = None\n        stacktrace = None\n    \n        end_time = time.time() + self._timeout\n        while True:\n            try:\n                value = method(self._driver)\n                if value:\n                    return value\n            except self._ignored_exceptions as exc:\n                screen = getattr(exc, 'screen', None)\n                stacktrace = getattr(exc, 'stacktrace', None)\n            time.sleep(self._poll)\n            if time.time() > end_time:\n                break\n>       raise TimeoutException(message, screen, stacktrace)\nE       selenium.common.exceptions.TimeoutException: Message:\n\nc:\\python38\\lib\\site-packages\\selenium\\webdriver\\support\\wait.py:80: TimeoutException",
  "flaky" : false,
  "beforeStages" : [ {
    "name" : "_UnitTestCase__pytest_class_setup",
    "time" : {
      "start" : 1594274295266,
      "stop" : 1594274319232,
      "duration" : 23966
    },
    "status" : "passed",
    "steps" : [ ],
    "attachments" : [ ],
    "parameters" : [ ],
    "attachmentsCount" : 0,
    "shouldDisplayMessage" : false,
    "stepsCount" : 0,
    "hasContent" : false
  } ],
  "testStage" : {
    "status" : "broken",
    "statusMessage" : "selenium.common.exceptions.TimeoutException: Message:",
    "statusTrace" : "self = <src.test_SXTSZ.TestSXTSZ testMethod=test_camera_1delete>\n\n    @allure.step(title=\"摄像头设置下的删除功能\")\n    @pytest.mark.run(order=1)\n    def test_camera_1delete(self):\n>       self.sx.camera_delete()\n\nsrc\\test_SXTSZ.py:26: \n_ _ _ _ _ _ _ _ _ _ _ _ _ _ _ _ _ _ _ _ _ _ _ _ _ _ _ _ _ _ _ _ _ _ _ _ _ _ _ _ _ _ _ _ _ _ _ _ _ _ _ _ _ _ _ _ _ _ _ _ _ _ _ _ _ _ _ _ _ _ _ _ _ _ _ _ _ _ _ _ _ _ _ _ _ _ _ _ _ _ _ _ _ _ _ _ _ _ _ _ _ _ _ _ _ _ _ _ _ _ _ _ _ _ _ _ _ _ _ _ _ _ _ _ _ _ _ _ _ _ _ _ _ _ _ _ _ _ _ _ _ _ _ _ _ _ _ _ _ _ _ _ _ _\noperations\\operations_camera\\camera.py:53: in camera_delete\n    self.operations_sxtsz_delete_click()\noperations\\operations_camera\\camera.py:19: in operations_sxtsz_delete_click\n    self.eles_click(operations.camera_close)\neles\\eles.py:22: in eles_click\n    self.eles_find_element(loc).click()\neles\\eles.py:17: in eles_find_element\n    return WebDriverWait(self.driver, timeout = timeout, poll_frequency = poll_frequency).until(lambda x:x.find_element(*loc))\n_ _ _ _ _ _ _ _ _ _ _ _ _ _ _ _ _ _ _ _ _ _ _ _ _ _ _ _ _ _ _ _ _ _ _ _ _ _ _ _ _ _ _ _ _ _ _ _ _ _ _ _ _ _ _ _ _ _ _ _ _ _ _ _ _ _ _ _ _ _ _ _ _ _ _ _ _ _ _ _ _ _ _ _ _ _ _ _ _ _ _ _ _ _ _ _ _ _ _ _ _ _ _ _ _ _ _ _ _ _ _ _ _ _ _ _ _ _ _ _ _ _ _ _ _ _ _ _ _ _ _ _ _ _ _ _ _ _ _ _ _ _ _ _ _ _ _ _ _ _ _ _ _ _\n\nself = <selenium.webdriver.support.wait.WebDriverWait (session=\"1b064c15688e285a6287a63e3aa4f32b\")>, method = <function Eles.eles_find_element.<locals>.<lambda> at 0x000001760E14E700>, message = ''\n\n    def until(self, method, message=''):\n        \"\"\"Calls the method provided with the driver as an argument until the \\\n        return value is not False.\"\"\"\n        screen = None\n        stacktrace = None\n    \n        end_time = time.time() + self._timeout\n        while True:\n            try:\n                value = method(self._driver)\n                if value:\n                    return value\n            except self._ignored_exceptions as exc:\n                screen = getattr(exc, 'screen', None)\n                stacktrace = getattr(exc, 'stacktrace', None)\n            time.sleep(self._poll)\n            if time.time() > end_time:\n                break\n>       raise TimeoutException(message, screen, stacktrace)\nE       selenium.common.exceptions.TimeoutException: Message:\n\nc:\\python38\\lib\\site-packages\\selenium\\webdriver\\support\\wait.py:80: TimeoutException",
    "steps" : [ {
      "name" : "摄像头设置下的删除功能",
      "time" : {
        "start" : 1594274319233,
        "stop" : 1594274331388,
        "duration" : 12155
      },
      "status" : "broken",
      "statusMessage" : "selenium.common.exceptions.TimeoutException: Message: \n\n",
      "statusTrace" : "  File \"C:\\Users\\admin\\AppData\\Roaming\\Python\\Python38\\site-packages\\allure_commons\\_allure.py\", line 157, in impl\n    return func(*a, **kw)\n  File \"C:\\Users\\admin\\PycharmProjects\\JKDDSystem\\src\\test_SXTSZ.py\", line 26, in test_camera_1delete\n    self.sx.camera_delete()\n  File \"C:\\Users\\admin\\PycharmProjects\\JKDDSystem\\operations\\operations_camera\\camera.py\", line 53, in camera_delete\n    self.operations_sxtsz_delete_click()\n  File \"C:\\Users\\admin\\PycharmProjects\\JKDDSystem\\operations\\operations_camera\\camera.py\", line 19, in operations_sxtsz_delete_click\n    self.eles_click(operations.camera_close)\n  File \"C:\\Users\\admin\\PycharmProjects\\JKDDSystem\\eles\\eles.py\", line 22, in eles_click\n    self.eles_find_element(loc).click()\n  File \"C:\\Users\\admin\\PycharmProjects\\JKDDSystem\\eles\\eles.py\", line 17, in eles_find_element\n    return WebDriverWait(self.driver, timeout = timeout, poll_frequency = poll_frequency).until(lambda x:x.find_element(*loc))\n  File \"c:\\python38\\lib\\site-packages\\selenium\\webdriver\\support\\wait.py\", line 80, in until\n    raise TimeoutException(message, screen, stacktrace)\n",
      "steps" : [ ],
      "attachments" : [ ],
      "parameters" : [ ],
      "attachmentsCount" : 0,
      "shouldDisplayMessage" : true,
      "stepsCount" : 0,
      "hasContent" : true
    } ],
    "attachments" : [ ],
    "parameters" : [ ],
    "attachmentsCount" : 0,
    "shouldDisplayMessage" : true,
    "stepsCount" : 1,
    "hasContent" : true
  },
  "afterStages" : [ {
    "name" : "_UnitTestCase__pytest_class_setup::0",
    "time" : {
      "start" : 1594274331586,
      "stop" : 1594274335653,
      "duration" : 4067
    },
    "status" : "passed",
    "steps" : [ ],
    "attachments" : [ ],
    "parameters" : [ ],
    "attachmentsCount" : 0,
    "shouldDisplayMessage" : false,
    "stepsCount" : 0,
    "hasContent" : false
  } ],
  "labels" : [ {
    "name" : "tag",
    "value" : "run(order=1)"
  }, {
    "name" : "parentSuite",
    "value" : "src"
  }, {
    "name" : "suite",
    "value" : "test_SXTSZ"
  }, {
    "name" : "subSuite",
    "value" : "TestSXTSZ"
  }, {
    "name" : "host",
    "value" : "DESKTOP-8QNSGQT"
  }, {
    "name" : "thread",
    "value" : "14548-MainThread"
  }, {
    "name" : "framework",
    "value" : "pytest"
  }, {
    "name" : "language",
    "value" : "cpython3"
  }, {
    "name" : "package",
    "value" : "src.test_SXTSZ"
  }, {
    "name" : "resultFormat",
    "value" : "allure2"
  } ],
  "parameters" : [ ],
  "links" : [ ],
  "hidden" : false,
  "retry" : false,
  "extra" : {
    "severity" : "normal",
    "retries" : [ ],
    "categories" : [ {
      "name" : "Test defects",
      "matchedStatuses" : [ ],
      "flaky" : false
    } ],
    "tags" : [ "run(order=1)" ]
  },
  "source" : "4107da4d36c02a11.json",
  "parameterValues" : [ ]
}